hunger/build/outputs/logs/manifest-merger-debug-report.txt
-- Merging decision tree log ---
manifest
ADDED from src\main\AndroidManifest.xml:2:1-284:12
	package
		ADDED from src\main\AndroidManifest.xml:3:5-31
		INJECTED from src\main\AndroidManifest.xml
		INJECTED from src\main\AndroidManifest.xml
	android:versionName
		INJECTED from src\main\AndroidManifest.xml
		INJECTED from src\main\AndroidManifest.xml
	xmlns:android
		ADDED from src\main\AndroidManifest.xml:2:11-69
	android:versionCode
		INJECTED from src\main\AndroidManifest.xml
		INJECTED from src\main\AndroidManifest.xml
uses-permission#android.permission.INTERNET
ADDED from src\main\AndroidManifest.xml:4:5-67
	android:name
		ADDED from src\main\AndroidManifest.xml:4:22-64
uses-permission#android.permission.ACCESS_NETWORK_STATE
ADDED from src\main\AndroidManifest.xml:5:5-78
	android:name
		ADDED from src\main\AndroidManifest.xml:5:22-76
uses-permission#android.permission.WRITE_EXTERNAL_STORAGE
ADDED from src\main\AndroidManifest.xml:6:5-81
	android:name
		ADDED from src\main\AndroidManifest.xml:6:22-78
uses-permission#android.permission.MOUNT_UNMOUNT_FILESYSTEMS
ADDED from src\main\AndroidManifest.xml:7:5-84
	android:name
		ADDED from src\main\AndroidManifest.xml:7:22-81
uses-permission#android.permission.ACCESS_COARSE_LOCATION
ADDED from src\main\AndroidManifest.xml:10:5-11:23
	android:name
		ADDED from src\main\AndroidManifest.xml:10:22-78
uses-permission#android.permission.ACCESS_WIFI_STATE
ADDED from src\main\AndroidManifest.xml:14:5-76
	android:name
		ADDED from src\main\AndroidManifest.xml:14:22-73
uses-permission#android.permission.READ_PHONE_STATE
ADDED from src\main\AndroidManifest.xml:15:5-75
	android:name
		ADDED from src\main\AndroidManifest.xml:15:22-72
uses-permission#android.permission.READ_LOGS
ADDED from src\main\AndroidManifest.xml:18:5-68
	android:name
		ADDED from src\main\AndroidManifest.xml:18:22-65
uses-permission#android.permission.CALL_PHONE
ADDED from src\main\AndroidManifest.xml:19:5-69
	android:name
		ADDED from src\main\AndroidManifest.xml:19:22-66
uses-permission#android.permission.ACCESS_FINE_LOCATION
ADDED from src\main\AndroidManifest.xml:20:5-79
	android:name
		ADDED from src\main\AndroidManifest.xml:20:22-76
uses-permission#android.permission.GET_TASKS
ADDED from src\main\AndroidManifest.xml:24:5-68
	android:name
		ADDED from src\main\AndroidManifest.xml:24:22-65
uses-permission#android.permission.SET_DEBUG_APP
ADDED from src\main\AndroidManifest.xml:25:5-72
	android:name
		ADDED from src\main\AndroidManifest.xml:25:22-69
uses-permission#android.permission.SYSTEM_ALERT_WINDOW
ADDED from src\main\AndroidManifest.xml:26:5-78
	android:name
		ADDED from src\main\AndroidManifest.xml:26:22-75
uses-permission#android.permission.GET_ACCOUNTS
ADDED from src\main\AndroidManifest.xml:27:5-71
	android:name
		ADDED from src\main\AndroidManifest.xml:27:22-68
uses-permission#android.permission.USE_CREDENTIALS
ADDED from src\main\AndroidManifest.xml:28:5-74
	android:name
		ADDED from src\main\AndroidManifest.xml:28:22-71
uses-permission#android.permission.MANAGE_ACCOUNTS
ADDED from src\main\AndroidManifest.xml:29:5-74
	android:name
		ADDED from src\main\AndroidManifest.xml:29:22-71
uses-permission#android.permission.CHANGE_WIFI_STATE
ADDED from src\main\AndroidManifest.xml:36:5-76
	android:name
		ADDED from src\main\AndroidManifest.xml:36:22-73
uses-permission#android.permission.BLUETOOTH
ADDED from src\main\AndroidManifest.xml:42:5-68
	android:name
		ADDED from src\main\AndroidManifest.xml:42:22-65
uses-permission#android.permission.BLUETOOTH_ADMIN
ADDED from src\main\AndroidManifest.xml:43:5-74
	android:name
		ADDED from src\main\AndroidManifest.xml:43:22-71
uses-permission#android.permission.VIBRATE
ADDED from src\main\AndroidManifest.xml:64:5-66
	android:name
		ADDED from src\main\AndroidManifest.xml:64:22-63
uses-permission#android.permission.WAKE_LOCK
ADDED from src\main\AndroidManifest.xml:65:5-68
	android:name
		ADDED from src\main\AndroidManifest.xml:65:22-65
uses-permission#android.permission.WRITE_SETTINGS
ADDED from src\main\AndroidManifest.xml:66:5-73
	android:name
		ADDED from src\main\AndroidManifest.xml:66:22-70
uses-permission#android.permission.READ_CONTACTS
ADDED from src\main\AndroidManifest.xml:71:5-72
	android:name
		ADDED from src\main\AndroidManifest.xml:71:22-69
uses-permission#android.permission.RECEIVE_SMS
ADDED from src\main\AndroidManifest.xml:76:5-70
	android:name
		ADDED from src\main\AndroidManifest.xml:76:22-67
application
ADDED from src\main\AndroidManifest.xml:106:5-282:19
MERGED from [org.xutils:xutils:3.3.22] AndroidManifest.xml:12:5-20
MERGED from [com.android.support:support-v4:23.1.1] AndroidManifest.xml:22:5-20
MERGED from [com.android.support:appcompat-v7:23.1.1] AndroidManifest.xml:22:5-20
MERGED from [com.android.support:support-v4:23.1.1] AndroidManifest.xml:22:5-20
MERGED from [com.android.support:appcompat-v7:23.1.1] AndroidManifest.xml:22:5-20
MERGED from [com.android.support:support-v4:23.1.1] AndroidManifest.xml:22:5-20
MERGED from [:SMSSDK-2.0.2:] AndroidManifest.xml:11:5-12:19
MERGED from [:SMSSDKGUI-2.0.2:] AndroidManifest.xml:11:5-12:19
MERGED from [com.android.support:appcompat-v7:23.1.1] AndroidManifest.xml:22:5-20
MERGED from [com.android.support:support-v4:23.1.1] AndroidManifest.xml:22:5-20
MERGED from [com.android.support:support-v4:23.1.1] AndroidManifest.xml:22:5-20
	android:label
		ADDED from src\main\AndroidManifest.xml:110:9-41
	android:supportsRtl
		ADDED from src\main\AndroidManifest.xml:111:9-35
	android:allowBackup
		ADDED from src\main\AndroidManifest.xml:108:9-35
	android:icon
		ADDED from src\main\AndroidManifest.xml:109:9-40
	android:theme
		ADDED from src\main\AndroidManifest.xml:112:9-42
	android:name
		ADDED from src\main\AndroidManifest.xml:107:9-50
service#com.baidu.location.f
ADDED from src\main\AndroidManifest.xml:113:9-121:19
	android:enabled
		ADDED from src\main\AndroidManifest.xml:115:13-35
	android:process
		ADDED from src\main\AndroidManifest.xml:116:13-38
	android:name
		ADDED from src\main\AndroidManifest.xml:114:13-48
intent-filter#com.baidu.location.service_v2.2
ADDED from src\main\AndroidManifest.xml:117:13-120:29
action#com.baidu.location.service_v2.2
ADDED from src\main\AndroidManifest.xml:118:17-119:26
	android:name
		ADDED from src\main\AndroidManifest.xml:118:25-71
meta-data#com.baidu.lbsapi.API_KEY
ADDED from src\main\AndroidManifest.xml:122:9-124:56
	android:value
		ADDED from src\main\AndroidManifest.xml:124:13-53
	android:name
		ADDED from src\main\AndroidManifest.xml:123:13-52
activity#com.chris.hunger.SplashActivity
ADDED from src\main\AndroidManifest.xml:126:9-135:20
	android:label
		ADDED from src\main\AndroidManifest.xml:129:13-45
	android:launchMode
		ADDED from src\main\AndroidManifest.xml:128:13-44
	android:name
		ADDED from src\main\AndroidManifest.xml:127:13-59
intent-filter#android.intent.action.MAIN+android.intent.category.LAUNCHER
ADDED from src\main\AndroidManifest.xml:130:13-134:29
action#android.intent.action.MAIN
ADDED from src\main\AndroidManifest.xml:131:17-69
	android:name
		ADDED from src\main\AndroidManifest.xml:131:25-66
category#android.intent.category.LAUNCHER
ADDED from src\main\AndroidManifest.xml:133:17-77
	android:name
		ADDED from src\main\AndroidManifest.xml:133:27-74
activity#com.chris.hunger.MainActivity
ADDED from src\main\AndroidManifest.xml:137:9-146:20
	android:launchMode
		ADDED from src\main\AndroidManifest.xml:139:13-44
	android:configChanges
		ADDED from src\main\AndroidManifest.xml:140:13-57
	android:name
		ADDED from src\main\AndroidManifest.xml:138:13-41
intent-filter#android.intent.action.MAIN
ADDED from src\main\AndroidManifest.xml:141:13-145:29
meta-data#UMENG_APPKEY
ADDED from src\main\AndroidManifest.xml:147:9-150:21
	android:value
		ADDED from src\main\AndroidManifest.xml:149:13-53
	android:name
		ADDED from src\main\AndroidManifest.xml:148:13-40
activity#com.renn.rennsdk.oauth.OAuthActivity
ADDED from src\main\AndroidManifest.xml:153:9-155:77
	android:configChanges
		ADDED from src\main\AndroidManifest.xml:155:13-74
	android:name
		ADDED from src\main\AndroidManifest.xml:154:13-64
activity#com.facebook.LoginActivity
ADDED from src\main\AndroidManifest.xml:158:9-161:75
	android:label
		ADDED from src\main\AndroidManifest.xml:160:13-45
	android:theme
		ADDED from src\main\AndroidManifest.xml:161:13-72
	android:name
		ADDED from src\main\AndroidManifest.xml:159:13-54
meta-data#UMENG_CHANNEL
ADDED from src\main\AndroidManifest.xml:164:9-167:21
	android:value
		ADDED from src\main\AndroidManifest.xml:166:13-34
	android:name
		ADDED from src\main\AndroidManifest.xml:165:13-41
activity#com.chris.hunger.GuideActivity
ADDED from src\main\AndroidManifest.xml:169:9-171:20
	android:launchMode
		ADDED from src\main\AndroidManifest.xml:170:13-44
	android:name
		ADDED from src\main\AndroidManifest.xml:169:19-48
activity#com.chris.hunger.SearchStoreByNameActivity
ADDED from src\main\AndroidManifest.xml:172:9-176:20
	android:launchMode
		ADDED from src\main\AndroidManifest.xml:173:13-44
	android:name
		ADDED from src\main\AndroidManifest.xml:172:19-76
activity#com.chris.hunger.StoreManagerActivity
ADDED from src\main\AndroidManifest.xml:177:9-181:20
	android:launchMode
		ADDED from src\main\AndroidManifest.xml:178:13-44
	android:name
		ADDED from src\main\AndroidManifest.xml:177:19-71
activity#com.chris.hunger.InStoreActivity
ADDED from src\main\AndroidManifest.xml:182:9-186:20
	android:launchMode
		ADDED from src\main\AndroidManifest.xml:183:13-44
	android:name
		ADDED from src\main\AndroidManifest.xml:182:19-66
activity#com.chris.hunger.Order_Comment_Activity
ADDED from src\main\AndroidManifest.xml:188:9-192:15
	android:label
		ADDED from src\main\AndroidManifest.xml:190:13-67
	android:launchMode
		ADDED from src\main\AndroidManifest.xml:191:13-44
	android:name
		ADDED from src\main\AndroidManifest.xml:189:13-51
activity#com.chris.hunger.Order_Detail_Activity
ADDED from src\main\AndroidManifest.xml:193:9-198:25
	android:label
		ADDED from src\main\AndroidManifest.xml:195:13-69
	android:launchMode
		ADDED from src\main\AndroidManifest.xml:196:13-44
	android:name
		ADDED from src\main\AndroidManifest.xml:194:13-50
activity#com.chris.hunger.UserInfoActivity
ADDED from src\main\AndroidManifest.xml:199:9-202:20
	android:launchMode
		ADDED from src\main\AndroidManifest.xml:200:13-44
	android:name
		ADDED from src\main\AndroidManifest.xml:199:19-51
activity#com.chris.hunger.LoginTestActivity
ADDED from src\main\AndroidManifest.xml:203:9-205:25
	android:launchMode
		ADDED from src\main\AndroidManifest.xml:204:13-44
	android:name
		ADDED from src\main\AndroidManifest.xml:203:19-52
activity#com.chris.hunger.AddAddressActivity
ADDED from src\main\AndroidManifest.xml:207:9-209:20
	android:name
		ADDED from src\main\AndroidManifest.xml:207:19-53
activity#com.chris.hunger.XLoginMainActivity
ADDED from src\main\AndroidManifest.xml:210:13-212:24
	android:name
		ADDED from src\main\AndroidManifest.xml:210:23-57
activity#com.chris.hunger.ShipAddressActivity
ADDED from src\main\AndroidManifest.xml:215:9-218:20
	android:launchMode
		ADDED from src\main\AndroidManifest.xml:216:13-44
	android:name
		ADDED from src\main\AndroidManifest.xml:215:19-54
activity#com.chris.hunger.PoiSearchActivity
ADDED from src\main\AndroidManifest.xml:219:9-223:20
	android:screenOrientation
		ADDED from src\main\AndroidManifest.xml:222:13-49
	android:configChanges
		ADDED from src\main\AndroidManifest.xml:221:13-63
	android:name
		ADDED from src\main\AndroidManifest.xml:220:13-46
activity#com.chris.hunger.GoodsDetailActivity
ADDED from src\main\AndroidManifest.xml:224:9-226:20
	android:launchMode
		ADDED from src\main\AndroidManifest.xml:225:13-44
	android:name
		ADDED from src\main\AndroidManifest.xml:224:19-54
activity#com.chris.hunger.RegisterActivity
ADDED from src\main\AndroidManifest.xml:229:9-230:56
	android:launchMode
		ADDED from src\main\AndroidManifest.xml:230:13-44
	android:name
		ADDED from src\main\AndroidManifest.xml:229:19-51
activity#com.chris.hunger.ResetPasswordActivity
ADDED from src\main\AndroidManifest.xml:231:9-233:25
	android:launchMode
		ADDED from src\main\AndroidManifest.xml:232:13-44
	android:name
		ADDED from src\main\AndroidManifest.xml:231:19-56
activity#com.chris.hunger.OKResetPasswordActivity
ADDED from src\main\AndroidManifest.xml:236:9-237:56
	android:launchMode
		ADDED from src\main\AndroidManifest.xml:237:13-44
	android:name
		ADDED from src\main\AndroidManifest.xml:236:19-58
activity#com.chris.hunger.OKRegisterActivity
ADDED from src\main\AndroidManifest.xml:238:9-239:56
	android:launchMode
		ADDED from src\main\AndroidManifest.xml:239:13-44
	android:name
		ADDED from src\main\AndroidManifest.xml:238:19-53
activity#com.chris.hunger.MyFavouritesActivity
ADDED from src\main\AndroidManifest.xml:240:9-241:56
	android:launchMode
		ADDED from src\main\AndroidManifest.xml:241:13-44
	android:name
		ADDED from src\main\AndroidManifest.xml:240:19-55
activity#com.mob.tools.MobUIShell
ADDED from src\main\AndroidManifest.xml:242:9-255:24
	android:windowSoftInputMode
		ADDED from src\main\AndroidManifest.xml:246:13-67
	android:configChanges
		ADDED from src\main\AndroidManifest.xml:244:13-74
	android:theme
		ADDED from src\main\AndroidManifest.xml:245:13-72
	android:name
		ADDED from src\main\AndroidManifest.xml:243:13-52
intent-filter#android.intent.action.VIEW+android.intent.category.BROWSABLE+android.intent.category.DEFAULT
ADDED from src\main\AndroidManifest.xml:248:13-253:29
data
ADDED from src\main\AndroidManifest.xml:249:17-60
	android:scheme
		ADDED from src\main\AndroidManifest.xml:249:23-57
action#android.intent.action.VIEW
ADDED from src\main\AndroidManifest.xml:250:17-69
	android:name
		ADDED from src\main\AndroidManifest.xml:250:25-66
category#android.intent.category.BROWSABLE
ADDED from src\main\AndroidManifest.xml:251:17-78
	android:name
		ADDED from src\main\AndroidManifest.xml:251:27-75
category#android.intent.category.DEFAULT
ADDED from src\main\AndroidManifest.xml:252:17-76
	android:name
		ADDED from src\main\AndroidManifest.xml:252:27-73
activity#com.chris.hunger.SettingPageActivity
ADDED from src\main\AndroidManifest.xml:256:9-259:20
	android:launchMode
		ADDED from src\main\AndroidManifest.xml:258:13-44
	android:name
		ADDED from src\main\AndroidManifest.xml:257:13-48
activity#com.chris.hunger.SettingAboutCHBActivity
ADDED from src\main\AndroidManifest.xml:260:9-263:20
	android:launchMode
		ADDED from src\main\AndroidManifest.xml:262:13-44
	android:name
		ADDED from src\main\AndroidManifest.xml:261:13-52
activity#com.chris.hunger.Order_Certain_Activity
ADDED from src\main\AndroidManifest.xml:266:9-268:15
	android:launchMode
		ADDED from src\main\AndroidManifest.xml:267:13-44
	android:name
		ADDED from src\main\AndroidManifest.xml:266:19-57
activity#com.alipay.sdk.app.H5PayActivity
ADDED from src\main\AndroidManifest.xml:270:9-276:20
	android:screenOrientation
		ADDED from src\main\AndroidManifest.xml:274:13-47
	android:exported
		ADDED from src\main\AndroidManifest.xml:273:13-37
	android:windowSoftInputMode
		ADDED from src\main\AndroidManifest.xml:275:13-67
	android:configChanges
		ADDED from src\main\AndroidManifest.xml:272:13-74
	android:name
		ADDED from src\main\AndroidManifest.xml:271:13-60
activity#com.bmob.pay.tool.PayActivity
ADDED from src\main\AndroidManifest.xml:277:9-279:64
	android:theme
		ADDED from src\main\AndroidManifest.xml:279:13-61
	android:name
		ADDED from src\main\AndroidManifest.xml:278:13-57
activity#com.chris.hunger.NoNetTakeOutActivity
ADDED from src\main\AndroidManifest.xml:280:9-57
	android:name
		ADDED from src\main\AndroidManifest.xml:280:19-55
uses-sdk
INJECTED from src\main\AndroidManifest.xml reason: use-sdk injection requested
MERGED from [org.xutils:xutils:3.3.22] AndroidManifest.xml:8:5-10:41
MERGED from [CHB:viewPagerIndicatorLibrary:unspecified] AndroidManifest.xml:7:5-9:41
MERGED from [com.android.support:support-v4:23.1.1] AndroidManifest.xml:20:5-43
MERGED from [CHB:headListViewLibrary:unspecified] AndroidManifest.xml:7:5-9:41
MERGED from [com.android.support:appcompat-v7:23.1.1] AndroidManifest.xml:20:5-43
MERGED from [com.android.support:support-v4:23.1.1] AndroidManifest.xml:20:5-43
MERGED from [com.android.support:appcompat-v7:23.1.1] AndroidManifest.xml:20:5-43
MERGED from [com.android.support:support-v4:23.1.1] AndroidManifest.xml:20:5-43
MERGED from [:SMSSDK-2.0.2:] AndroidManifest.xml:7:5-9:41
MERGED from [:SMSSDKGUI-2.0.2:] AndroidManifest.xml:7:5-9:41
MERGED from [com.android.support:appcompat-v7:23.1.1] AndroidManifest.xml:20:5-43
MERGED from [com.android.support:support-v4:23.1.1] AndroidManifest.xml:20:5-43
MERGED from [com.android.support:support-v4:23.1.1] AndroidManifest.xml:20:5-43
	android:targetSdkVersion
		INJECTED from src\main\AndroidManifest.xml
		INJECTED from src\main\AndroidManifest.xml
	android:minSdkVersion
		INJECTED from src\main\AndroidManifest.xml
		INJECTED from src\main\AndroidManifest.xml